0 info it worked if it ends with ok
1 verbose cli [ '/usr/local/bin/node', '/usr/local/bin/npm', 'start' ]
2 info using npm@3.10.10
3 info using node@v6.10.2
4 verbose run-script [ 'prestart', 'start', 'poststart' ]
5 info lifecycle vue2.0-nodejs-mongodb@1.0.0~prestart: vue2.0-nodejs-mongodb@1.0.0
6 silly lifecycle vue2.0-nodejs-mongodb@1.0.0~prestart: no script for prestart, continuing
7 info lifecycle vue2.0-nodejs-mongodb@1.0.0~start: vue2.0-nodejs-mongodb@1.0.0
8 verbose lifecycle vue2.0-nodejs-mongodb@1.0.0~start: unsafe-perm in lifecycle true
9 verbose lifecycle vue2.0-nodejs-mongodb@1.0.0~start: PATH: /usr/local/lib/node_modules/npm/bin/node-gyp-bin:/Users/gy102/Desktop/Git仓库/vue2.0-nodejs-mongodb/node_modules/.bin:/usr/local/bin:/usr/bin:/bin:/usr/sbin:/sbin:Users/gy102/gradle-4.0.1/bin:/gy102/app/mongob-osx-x86_64-3.4.6
10 verbose lifecycle vue2.0-nodejs-mongodb@1.0.0~start: CWD: /Users/gy102/Desktop/Git仓库/vue2.0-nodejs-mongodb
11 silly lifecycle vue2.0-nodejs-mongodb@1.0.0~start: Args: [ '-c', 'npm run dev' ]
12 silly lifecycle vue2.0-nodejs-mongodb@1.0.0~start: Returned: code: 1  signal: null
13 info lifecycle vue2.0-nodejs-mongodb@1.0.0~start: Failed to exec start script
14 verbose stack Error: vue2.0-nodejs-mongodb@1.0.0 start: `npm run dev`
14 verbose stack Exit status 1
14 verbose stack     at EventEmitter.<anonymous> (/usr/local/lib/node_modules/npm/lib/utils/lifecycle.js:255:16)
14 verbose stack     at emitTwo (events.js:106:13)
14 verbose stack     at EventEmitter.emit (events.js:191:7)
14 verbose stack     at ChildProcess.<anonymous> (/usr/local/lib/node_modules/npm/lib/utils/spawn.js:40:14)
14 verbose stack     at emitTwo (events.js:106:13)
14 verbose stack     at ChildProcess.emit (events.js:191:7)
14 verbose stack     at maybeClose (internal/child_process.js:886:16)
14 verbose stack     at Process.ChildProcess._handle.onexit (internal/child_process.js:226:5)
15 verbose pkgid vue2.0-nodejs-mongodb@1.0.0
16 verbose cwd /Users/gy102/Desktop/Git仓库/vue2.0-nodejs-mongodb
17 error Darwin 16.7.0
18 error argv "/usr/local/bin/node" "/usr/local/bin/npm" "start"
19 error node v6.10.2
20 error npm  v3.10.10
21 error code ELIFECYCLE
22 error vue2.0-nodejs-mongodb@1.0.0 start: `npm run dev`
22 error Exit status 1
23 error Failed at the vue2.0-nodejs-mongodb@1.0.0 start script 'npm run dev'.
23 error Make sure you have the latest version of node.js and npm installed.
23 error If you do, this is most likely a problem with the vue2.0-nodejs-mongodb package,
23 error not with npm itself.
23 error Tell the author that this fails on your system:
23 error     npm run dev
23 error You can get information on how to open an issue for this project with:
23 error     npm bugs vue2.0-nodejs-mongodb
23 error Or if that isn't available, you can get their info via:
23 error     npm owner ls vue2.0-nodejs-mongodb
23 error There is likely additional logging output above.
24 verbose exit [ 1, true ]
